Arguments: 
  /usr/local/Cellar/node/10.1.0/bin/node /usr/local/bin/yarn add webpack-dev-serve webpack webpack-cli html-webpack-plugin -D

PATH: 
  /usr/local/bin:/usr/bin:/bin:/usr/sbin:/sbin

Yarn version: 
  1.6.0

Node version: 
  10.1.0

Platform: 
  darwin x64

Trace: 
  Error: https://registry.yarnpkg.com/webpack-dev-serve: Not found
      at Request.params.callback [as _callback] (/usr/local/lib/node_modules/yarn/lib/cli.js:65327:18)
      at Request.self.callback (/usr/local/lib/node_modules/yarn/lib/cli.js:133155:22)
      at Request.emit (events.js:182:13)
      at Request.<anonymous> (/usr/local/lib/node_modules/yarn/lib/cli.js:134138:10)
      at Request.emit (events.js:182:13)
      at IncomingMessage.<anonymous> (/usr/local/lib/node_modules/yarn/lib/cli.js:134058:12)
      at Object.onceWrapper (events.js:273:13)
      at IncomingMessage.emit (events.js:187:15)
      at endReadableNT (_stream_readable.js:1086:12)
      at process._tickCallback (internal/process/next_tick.js:63:19)

npm manifest: 
  {
    "name": "demo06",
    "version": "1.0.0",
    "main": "index.js",
    "license": "MIT"
  }

yarn manifest: 
  No manifest

Lockfile: 
  No lockfile
